# JRE version: Java(TM) SE Runtime Environment (8.0_101-b13) (build 1.8.0_101-b13)
# Java VM: Java HotSpot(TM) 64-Bit Server VM (25.101-b13 mixed mode windows-amd64 compressed oops)
Heap:
 PSYoungGen      total 193024K, used 29384K [0x00000000eab00000, 0x00000000fa600000, 0x0000000100000000)
  eden space 178176K, 16% used [0x00000000eab00000,0x00000000ec7b2380,0x00000000f5900000)
  from space 14848K, 0% used [0x00000000f6700000,0x00000000f6700000,0x00000000f7580000)
  to   space 14336K, 0% used [0x00000000f5900000,0x00000000f5900000,0x00000000f6700000)
 ParOldGen       total 104960K, used 22639K [0x00000000c0000000, 0x00000000c6680000, 0x00000000eab00000)
  object space 104960K, 21% used [0x00000000c0000000,0x00000000c161bf78,0x00000000c6680000)
 Metaspace       used 37474K, capacity 38182K, committed 38528K, reserved 1083392K
  class space    used 5263K, capacity 5461K, committed 5504K, reserved 1048576K
GC Heap History (10 events):
Event: 15.835 GC heap before
{Heap before GC invocations=4 (full 1):
 PSYoungGen      total 71680K, used 5104K [0x00000000eab00000, 0x00000000f3700000, 0x0000000100000000)
  eden space 66560K, 0% used [0x00000000eab00000,0x00000000eab00000,0x00000000eec00000)
  from space 5120K, 99% used [0x00000000eec00000,0x00000000ef0fc010,0x00000000ef100000)
  to   space 5120K, 0% used [0x00000000f3200000,0x00000000f3200000,0x00000000f3700000)
 ParOldGen       total 87552K, used 8029K [0x00000000c0000000, 0x00000000c5580000, 0x00000000eab00000)
  object space 87552K, 9% used [0x00000000c0000000,0x00000000c07d7610,0x00000000c5580000)
 Metaspace       used 20723K, capacity 21208K, committed 21296K, reserved 1067008K
  class space    used 2777K, capacity 2915K, committed 2944K, reserved 1048576K
Event: 15.973 GC heap after
Heap after GC invocations=4 (full 1):
 PSYoungGen      total 71680K, used 0K [0x00000000eab00000, 0x00000000f3700000, 0x0000000100000000)
  eden space 66560K, 0% used [0x00000000eab00000,0x00000000eab00000,0x00000000eec00000)
  from space 5120K, 0% used [0x00000000eec00000,0x00000000eec00000,0x00000000ef100000)
  to   space 5120K, 0% used [0x00000000f3200000,0x00000000f3200000,0x00000000f3700000)
 ParOldGen       total 67072K, used 11834K [0x00000000c0000000, 0x00000000c4180000, 0x00000000eab00000)
  object space 67072K, 17% used [0x00000000c0000000,0x00000000c0b8e808,0x00000000c4180000)
 Metaspace       used 20723K, capacity 21208K, committed 21296K, reserved 1067008K
  class space    used 2777K, capacity 2915K, committed 2944K, reserved 1048576K
}
Event: 18.449 GC heap before
{Heap before GC invocations=5 (full 1):
 PSYoungGen      total 71680K, used 66560K [0x00000000eab00000, 0x00000000f3700000, 0x0000000100000000)
  eden space 66560K, 100% used [0x00000000eab00000,0x00000000eec00000,0x00000000eec00000)
  from space 5120K, 0% used [0x00000000eec00000,0x00000000eec00000,0x00000000ef100000)
  to   space 5120K, 0% used [0x00000000f3200000,0x00000000f3200000,0x00000000f3700000)
 ParOldGen       total 67072K, used 11834K [0x00000000c0000000, 0x00000000c4180000, 0x00000000eab00000)
  object space 67072K, 17% used [0x00000000c0000000,0x00000000c0b8e808,0x00000000c4180000)
 Metaspace       used 27660K, capacity 28348K, committed 28672K, reserved 1073152K
  class space    used 3817K, capacity 4029K, committed 4096K, reserved 1048576K
Event: 18.460 GC heap after
Heap after GC invocations=5 (full 1):
 PSYoungGen      total 107520K, used 5118K [0x00000000eab00000, 0x00000000f3700000, 0x0000000100000000)
  eden space 102400K, 0% used [0x00000000eab00000,0x00000000eab00000,0x00000000f0f00000)
  from space 5120K, 99% used [0x00000000f3200000,0x00000000f36ff8a8,0x00000000f3700000)
  to   space 5120K, 0% used [0x00000000f2d00000,0x00000000f2d00000,0x00000000f3200000)
 ParOldGen       total 67072K, used 15652K [0x00000000c0000000, 0x00000000c4180000, 0x00000000eab00000)
  object space 67072K, 23% used [0x00000000c0000000,0x00000000c0f49058,0x00000000c4180000)
 Metaspace       used 27660K, capacity 28348K, committed 28672K, reserved 1073152K
  class space    used 3817K, capacity 4029K, committed 4096K, reserved 1048576K
}
Event: 20.999 GC heap before
{Heap before GC invocations=6 (full 1):
 PSYoungGen      total 107520K, used 107518K [0x00000000eab00000, 0x00000000f3700000, 0x0000000100000000)
  eden space 102400K, 100% used [0x00000000eab00000,0x00000000f0f00000,0x00000000f0f00000)
  from space 5120K, 99% used [0x00000000f3200000,0x00000000f36ff8a8,0x00000000f3700000)
  to   space 5120K, 0% used [0x00000000f2d00000,0x00000000f2d00000,0x00000000f3200000)
 ParOldGen       total 67072K, used 15652K [0x00000000c0000000, 0x00000000c4180000, 0x00000000eab00000)
  object space 67072K, 23% used [0x00000000c0000000,0x00000000c0f49058,0x00000000c4180000)
 Metaspace       used 31125K, capacity 31720K, committed 32000K, reserved 1077248K
  class space    used 4375K, capacity 4554K, committed 4608K, reserved 1048576K
Event: 21.177 GC heap after
Heap after GC invocations=6 (full 1):
 PSYoungGen      total 138240K, used 5104K [0x00000000eab00000, 0x00000000f7580000, 0x0000000100000000)
  eden space 133120K, 0% used [0x00000000eab00000,0x00000000eab00000,0x00000000f2d00000)
  from space 5120K, 99% used [0x00000000f2d00000,0x00000000f31fc020,0x00000000f3200000)
  to   space 14848K, 0% used [0x00000000f6700000,0x00000000f6700000,0x00000000f7580000)
 ParOldGen       total 67072K, used 22188K [0x00000000c0000000, 0x00000000c4180000, 0x00000000eab00000)
  object space 67072K, 33% used [0x00000000c0000000,0x00000000c15ab028,0x00000000c4180000)
 Metaspace       used 31125K, capacity 31720K, committed 32000K, reserved 1077248K
  class space    used 4375K, capacity 4554K, committed 4608K, reserved 1048576K
}
Event: 23.177 GC heap before
{Heap before GC invocations=7 (full 1):
 PSYoungGen      total 138240K, used 50076K [0x00000000eab00000, 0x00000000f7580000, 0x0000000100000000)
  eden space 133120K, 33% used [0x00000000eab00000,0x00000000ed6eb028,0x00000000f2d00000)
  from space 5120K, 99% used [0x00000000f2d00000,0x00000000f31fc020,0x00000000f3200000)
  to   space 14848K, 0% used [0x00000000f6700000,0x00000000f6700000,0x00000000f7580000)
 ParOldGen       total 67072K, used 22188K [0x00000000c0000000, 0x00000000c4180000, 0x00000000eab00000)
  object space 67072K, 33% used [0x00000000c0000000,0x00000000c15ab028,0x00000000c4180000)
 Metaspace       used 34733K, capacity 35304K, committed 35496K, reserved 1079296K
  class space    used 4908K, capacity 5066K, committed 5120K, reserved 1048576K
Event: 23.206 GC heap after
Heap after GC invocations=7 (full 1):
 PSYoungGen      total 193024K, used 9342K [0x00000000eab00000, 0x00000000fa600000, 0x0000000100000000)
  eden space 178176K, 0% used [0x00000000eab00000,0x00000000eab00000,0x00000000f5900000)
  from space 14848K, 62% used [0x00000000f6700000,0x00000000f701f938,0x00000000f7580000)
  to   space 14336K, 0% used [0x00000000f5900000,0x00000000f5900000,0x00000000f6700000)
 ParOldGen       total 67072K, used 22196K [0x00000000c0000000, 0x00000000c4180000, 0x00000000eab00000)
  object space 67072K, 33% used [0x00000000c0000000,0x00000000c15ad028,0x00000000c4180000)
 Metaspace       used 34733K, capacity 35304K, committed 35496K, reserved 1079296K
  class space    used 4908K, capacity 5066K, committed 5120K, reserved 1048576K
}
Event: 23.207 GC heap before
{Heap before GC invocations=8 (full 2):
 PSYoungGen      total 193024K, used 9342K [0x00000000eab00000, 0x00000000fa600000, 0x0000000100000000)
  eden space 178176K, 0% used [0x00000000eab00000,0x00000000eab00000,0x00000000f5900000)
  from space 14848K, 62% used [0x00000000f6700000,0x00000000f701f938,0x00000000f7580000)
  to   space 14336K, 0% used [0x00000000f5900000,0x00000000f5900000,0x00000000f6700000)
 ParOldGen       total 67072K, used 22196K [0x00000000c0000000, 0x00000000c4180000, 0x00000000eab00000)
  object space 67072K, 33% used [0x00000000c0000000,0x00000000c15ad028,0x00000000c4180000)
 Metaspace       used 34733K, capacity 35304K, committed 35496K, reserved 1079296K
  class space    used 4908K, capacity 5066K, committed 5120K, reserved 1048576K
Event: 23.511 GC heap after
Heap after GC invocations=8 (full 2):
 PSYoungGen      total 193024K, used 0K [0x00000000eab00000, 0x00000000fa600000, 0x0000000100000000)
  eden space 178176K, 0% used [0x00000000eab00000,0x00000000eab00000,0x00000000f5900000)
  from space 14848K, 0% used [0x00000000f6700000,0x00000000f6700000,0x00000000f7580000)
  to   space 14336K, 0% used [0x00000000f5900000,0x00000000f5900000,0x00000000f6700000)
 ParOldGen       total 104960K, used 22639K [0x00000000c0000000, 0x00000000c6680000, 0x00000000eab00000)
  object space 104960K, 21% used [0x00000000c0000000,0x00000000c161bf78,0x00000000c6680000)
 Metaspace       used 34722K, capacity 35292K, committed 35496K, reserved 1079296K
  class space    used 4904K, capacity 5062K, committed 5120K, reserved 1048576K
}

